[INFO c:\users\staslist\documents\github\carlsim4\carlsim\kernel\src\snn_manager.cpp:1864] *********************************************************************************
[INFO c:\users\staslist\documents\github\carlsim4\carlsim\kernel\src\snn_manager.cpp:1866] ********************      Welcome to CARLsim 4.0      ***************************
[INFO c:\users\staslist\documents\github\carlsim4\carlsim\kernel\src\snn_manager.cpp:1867] *********************************************************************************

[INFO c:\users\staslist\documents\github\carlsim4\carlsim\kernel\src\snn_manager.cpp:1869] ***************************** Configuring Network ********************************
[INFO c:\users\staslist\documents\github\carlsim4\carlsim\kernel\src\snn_manager.cpp:1871] Starting CARLsim simulation "compartments" in USER mode
[INFO c:\users\staslist\documents\github\carlsim4\carlsim\kernel\src\snn_manager.cpp:1872] Random number seed: 42
[DEBUG c:\users\staslist\documents\github\carlsim4\carlsim\kernel\src\snn_manager.cpp:1878] Current local time and date: Fri Nov 24 13:48:09 2017

[DEBUG c:\users\staslist\documents\github\carlsim4\carlsim\kernel\src\snn_manager.cpp:163] CONNECT SETUP: connId=0, mulFast=1.000000, mulSlow=1.000000
[INFO c:\users\staslist\documents\github\carlsim4\carlsim\kernel\src\snn_manager.cpp:404] Running CUBA mode (all synaptic conductances disabled)
[INFO c:\users\staslist\documents\github\carlsim4\carlsim\kernel\src\snn_manager.cpp:570] E-STDP disabled for excit(1)
[INFO c:\users\staslist\documents\github\carlsim4\carlsim\kernel\src\snn_manager.cpp:570] E-STDP disabled for excit(2)
[INFO c:\users\staslist\documents\github\carlsim4\carlsim\kernel\src\snn_manager.cpp:570] E-STDP disabled for excit(3)
[INFO c:\users\staslist\documents\github\carlsim4\carlsim\kernel\src\snn_manager.cpp:570] E-STDP disabled for excit(0)
[DEBUG c:\users\staslist\documents\github\carlsim4\carlsim\kernel\src\snn_manager.cpp:3274] Beginning compilation of the network....
[DEBUG c:\users\staslist\documents\github\carlsim4\carlsim\kernel\src\snn_manager.cpp:2673] Allocation for 0(excit), St=0, End=4
[DEBUG c:\users\staslist\documents\github\carlsim4\carlsim\kernel\src\snn_manager.cpp:2673] Allocation for 1(excit), St=5, End=9
[DEBUG c:\users\staslist\documents\github\carlsim4\carlsim\kernel\src\snn_manager.cpp:2673] Allocation for 2(excit), St=10, End=14
[DEBUG c:\users\staslist\documents\github\carlsim4\carlsim\kernel\src\snn_manager.cpp:2673] Allocation for 3(excit), St=15, End=19
[DEBUG c:\users\staslist\documents\github\carlsim4\carlsim\kernel\src\snn_manager.cpp:2673] Allocation for 4(input), St=20, End=24
[INFO c:\users\staslist\documents\github\carlsim4\carlsim\kernel\src\snn_manager.cpp:3295] 

[INFO c:\users\staslist\documents\github\carlsim4\carlsim\kernel\src\snn_manager.cpp:3296] ************************** Global Network Configuration *******************************
[INFO c:\users\staslist\documents\github\carlsim4\carlsim\kernel\src\snn_manager.cpp:3297] The number of neurons in the network (numN) = 25
[INFO c:\users\staslist\documents\github\carlsim4\carlsim\kernel\src\snn_manager.cpp:3298] The number of regular neurons in the network (numNReg:numNExcReg:numNInhReg) = 20:20:0
[INFO c:\users\staslist\documents\github\carlsim4\carlsim\kernel\src\snn_manager.cpp:3299] The number of poisson neurons in the network (numNPois:numNExcPois:numInhPois) = 5:5:0
[INFO c:\users\staslist\documents\github\carlsim4\carlsim\kernel\src\snn_manager.cpp:3300] The maximum axonal delay in the network (maxDelay) = 1
[INFO C:/Users/staslist/Documents/GitHub/CARLsim4/carlsim/kernel/src/gpu_module/snn_gpu_module.cu:3330] CUDA devices Configuration:
[INFO C:/Users/staslist/Documents/GitHub/CARLsim4/carlsim/kernel/src/gpu_module/snn_gpu_module.cu:3331]   - Number of CUDA devices          =         1
[INFO C:/Users/staslist/Documents/GitHub/CARLsim4/carlsim/kernel/src/gpu_module/snn_gpu_module.cu:3334]   - CUDA device ID with max GFLOPs  =         0
[INFO C:/Users/staslist/Documents/GitHub/CARLsim4/carlsim/kernel/src/gpu_module/snn_gpu_module.cu:3338]   + Use CUDA device[0]              = GeForce GTX 870M
[INFO C:/Users/staslist/Documents/GitHub/CARLsim4/carlsim/kernel/src/gpu_module/snn_gpu_module.cu:3339]   + CUDA Compute Capability (CC)    =       3.0
[DEBUG c:\users\staslist\documents\github\carlsim4\carlsim\kernel\src\snn_manager.cpp:2692] Allocation for group (excit) [id:0, local id:0], St=0, End=4
[DEBUG c:\users\staslist\documents\github\carlsim4\carlsim\kernel\src\snn_manager.cpp:2692] Allocation for group (excit) [id:1, local id:1], St=5, End=9
[DEBUG c:\users\staslist\documents\github\carlsim4\carlsim\kernel\src\snn_manager.cpp:2692] Allocation for group (excit) [id:2, local id:2], St=10, End=14
[DEBUG c:\users\staslist\documents\github\carlsim4\carlsim\kernel\src\snn_manager.cpp:2692] Allocation for group (excit) [id:3, local id:3], St=15, End=19
[DEBUG c:\users\staslist\documents\github\carlsim4\carlsim\kernel\src\snn_manager.cpp:2692] Allocation for group (input) [id:4, local id:4], St=20, End=24
[INFO c:\users\staslist\documents\github\carlsim4\carlsim\kernel\src\snn_manager.cpp:4959] 
+ Local Network (8)
[INFO c:\users\staslist\documents\github\carlsim4\carlsim\kernel\src\snn_manager.cpp:4960] |-+ Group List:
[INFO c:\users\staslist\documents\github\carlsim4\carlsim\kernel\src\print_snn_info.cpp:249]   |-+ Local Group excit(G:0,L:0): 
[INFO c:\users\staslist\documents\github\carlsim4\carlsim\kernel\src\print_snn_info.cpp:252]     |- Type                       =    EXCIT
[INFO c:\users\staslist\documents\github\carlsim4\carlsim\kernel\src\print_snn_info.cpp:253]     |- Num of Neurons             =        5
[INFO c:\users\staslist\documents\github\carlsim4\carlsim\kernel\src\print_snn_info.cpp:254]     |- Start Id                   = (G:0,L:0)
[INFO c:\users\staslist\documents\github\carlsim4\carlsim\kernel\src\print_snn_info.cpp:255]     |- End Id                     = (G:4,L:4)
[INFO c:\users\staslist\documents\github\carlsim4\carlsim\kernel\src\print_snn_info.cpp:256]     |- numPostSynapses            =        0
[INFO c:\users\staslist\documents\github\carlsim4\carlsim\kernel\src\print_snn_info.cpp:257]     |- numPreSynapses             =        5
[INFO c:\users\staslist\documents\github\carlsim4\carlsim\kernel\src\print_snn_info.cpp:249]   |-+ Local Group excit(G:1,L:1): 
[INFO c:\users\staslist\documents\github\carlsim4\carlsim\kernel\src\print_snn_info.cpp:252]     |- Type                       =    EXCIT
[INFO c:\users\staslist\documents\github\carlsim4\carlsim\kernel\src\print_snn_info.cpp:253]     |- Num of Neurons             =        5
[INFO c:\users\staslist\documents\github\carlsim4\carlsim\kernel\src\print_snn_info.cpp:254]     |- Start Id                   = (G:5,L:5)
[INFO c:\users\staslist\documents\github\carlsim4\carlsim\kernel\src\print_snn_info.cpp:255]     |- End Id                     = (G:9,L:9)
[INFO c:\users\staslist\documents\github\carlsim4\carlsim\kernel\src\print_snn_info.cpp:256]     |- numPostSynapses            =        0
[INFO c:\users\staslist\documents\github\carlsim4\carlsim\kernel\src\print_snn_info.cpp:257]     |- numPreSynapses             =        0
[INFO c:\users\staslist\documents\github\carlsim4\carlsim\kernel\src\print_snn_info.cpp:249]   |-+ Local Group excit(G:2,L:2): 
[INFO c:\users\staslist\documents\github\carlsim4\carlsim\kernel\src\print_snn_info.cpp:252]     |- Type                       =    EXCIT
[INFO c:\users\staslist\documents\github\carlsim4\carlsim\kernel\src\print_snn_info.cpp:253]     |- Num of Neurons             =        5
[INFO c:\users\staslist\documents\github\carlsim4\carlsim\kernel\src\print_snn_info.cpp:254]     |- Start Id                   = (G:10,L:10)
[INFO c:\users\staslist\documents\github\carlsim4\carlsim\kernel\src\print_snn_info.cpp:255]     |- End Id                     = (G:14,L:14)
[INFO c:\users\staslist\documents\github\carlsim4\carlsim\kernel\src\print_snn_info.cpp:256]     |- numPostSynapses            =        0
[INFO c:\users\staslist\documents\github\carlsim4\carlsim\kernel\src\print_snn_info.cpp:257]     |- numPreSynapses             =        0
[INFO c:\users\staslist\documents\github\carlsim4\carlsim\kernel\src\print_snn_info.cpp:249]   |-+ Local Group excit(G:3,L:3): 
[INFO c:\users\staslist\documents\github\carlsim4\carlsim\kernel\src\print_snn_info.cpp:252]     |- Type                       =    EXCIT
[INFO c:\users\staslist\documents\github\carlsim4\carlsim\kernel\src\print_snn_info.cpp:253]     |- Num of Neurons             =        5
[INFO c:\users\staslist\documents\github\carlsim4\carlsim\kernel\src\print_snn_info.cpp:254]     |- Start Id                   = (G:15,L:15)
[INFO c:\users\staslist\documents\github\carlsim4\carlsim\kernel\src\print_snn_info.cpp:255]     |- End Id                     = (G:19,L:19)
[INFO c:\users\staslist\documents\github\carlsim4\carlsim\kernel\src\print_snn_info.cpp:256]     |- numPostSynapses            =        0
[INFO c:\users\staslist\documents\github\carlsim4\carlsim\kernel\src\print_snn_info.cpp:257]     |- numPreSynapses             =        0
[INFO c:\users\staslist\documents\github\carlsim4\carlsim\kernel\src\print_snn_info.cpp:249]   |-+ Local Group input(G:4,L:4): 
[INFO c:\users\staslist\documents\github\carlsim4\carlsim\kernel\src\print_snn_info.cpp:252]     |- Type                       =    EXCIT
[INFO c:\users\staslist\documents\github\carlsim4\carlsim\kernel\src\print_snn_info.cpp:253]     |- Num of Neurons             =        5
[INFO c:\users\staslist\documents\github\carlsim4\carlsim\kernel\src\print_snn_info.cpp:254]     |- Start Id                   = (G:20,L:20)
[INFO c:\users\staslist\documents\github\carlsim4\carlsim\kernel\src\print_snn_info.cpp:255]     |- End Id                     = (G:24,L:24)
[INFO c:\users\staslist\documents\github\carlsim4\carlsim\kernel\src\print_snn_info.cpp:256]     |- numPostSynapses            =        5
[INFO c:\users\staslist\documents\github\carlsim4\carlsim\kernel\src\print_snn_info.cpp:257]     |- numPreSynapses             =        0
[INFO c:\users\staslist\documents\github\carlsim4\carlsim\kernel\src\print_snn_info.cpp:265]     |- Refractory period          = -107374176.00000
[INFO c:\users\staslist\documents\github\carlsim4\carlsim\kernel\src\snn_manager.cpp:4966] |-+ Connection List:
[INFO c:\users\staslist\documents\github\carlsim4\carlsim\kernel\src\print_snn_info.cpp:185]   |-+ Local Connection Id 0: input(4) => excit(0)
[INFO c:\users\staslist\documents\github\carlsim4\carlsim\kernel\src\print_snn_info.cpp:186]     |- Type                       =    FIXED
[INFO c:\users\staslist\documents\github\carlsim4\carlsim\kernel\src\print_snn_info.cpp:187]     |- Min weight                 =  0.00000
[INFO c:\users\staslist\documents\github\carlsim4\carlsim\kernel\src\print_snn_info.cpp:188]     |- Max weight                 =  0.00000
[INFO c:\users\staslist\documents\github\carlsim4\carlsim\kernel\src\print_snn_info.cpp:189]     |- Initial weight             =  0.00000
[INFO c:\users\staslist\documents\github\carlsim4\carlsim\kernel\src\print_snn_info.cpp:190]     |- Min delay                  =        1
[INFO c:\users\staslist\documents\github\carlsim4\carlsim\kernel\src\print_snn_info.cpp:191]     |- Max delay                  =        1
[INFO c:\users\staslist\documents\github\carlsim4\carlsim\kernel\src\print_snn_info.cpp:192]     |- Radius X                   =    -1.00
[INFO c:\users\staslist\documents\github\carlsim4\carlsim\kernel\src\print_snn_info.cpp:193]     |- Radius Y                   =    -1.00
[INFO c:\users\staslist\documents\github\carlsim4\carlsim\kernel\src\print_snn_info.cpp:194]     |- Radius Z                   =    -1.00
[INFO c:\users\staslist\documents\github\carlsim4\carlsim\kernel\src\print_snn_info.cpp:195]     |- Num of synapses            = 5
[INFO c:\users\staslist\documents\github\carlsim4\carlsim\kernel\src\print_snn_info.cpp:198]     |- Avg numPreSynapses         =     1.00
[INFO c:\users\staslist\documents\github\carlsim4\carlsim\kernel\src\print_snn_info.cpp:199]     |- Avg numPostSynapses        =     1.00
[INFO c:\users\staslist\documents\github\carlsim4\carlsim\kernel\src\snn_manager.cpp:5236] 
[INFO c:\users\staslist\documents\github\carlsim4\carlsim\kernel\src\snn_manager.cpp:5240] *****************      Initializing CPU 0 Runtime      *************************
[DEBUG c:\users\staslist\documents\github\carlsim4\carlsim\kernel\src\snn_cpu_module.cpp:1838] copyExternalCurrent: lGrpId=-1, ptrPos=0, length=20, allocate=y
[DEBUG c:\users\staslist\documents\github\carlsim4\carlsim\kernel\src\snn_cpu_module.cpp:1328] Transfering group settings to CPU:
[DEBUG c:\users\staslist\documents\github\carlsim4\carlsim\kernel\src\snn_cpu_module.cpp:1330] Settings for Group excit:
[DEBUG c:\users\staslist\documents\github\carlsim4\carlsim\kernel\src\snn_cpu_module.cpp:1332] 	Type: 6
[DEBUG c:\users\staslist\documents\github\carlsim4\carlsim\kernel\src\snn_cpu_module.cpp:1333] 	NumN: 5
[DEBUG c:\users\staslist\documents\github\carlsim4\carlsim\kernel\src\snn_cpu_module.cpp:1334] 	M: 0
[DEBUG c:\users\staslist\documents\github\carlsim4\carlsim\kernel\src\snn_cpu_module.cpp:1335] 	PreM: 5
[DEBUG c:\users\staslist\documents\github\carlsim4\carlsim\kernel\src\snn_cpu_module.cpp:1336] 	spikeGenerator: 0
[DEBUG c:\users\staslist\documents\github\carlsim4\carlsim\kernel\src\snn_cpu_module.cpp:1337] 	FixedInputWts: 1
[DEBUG c:\users\staslist\documents\github\carlsim4\carlsim\kernel\src\snn_cpu_module.cpp:1338] 	MaxDelay: 1
[DEBUG c:\users\staslist\documents\github\carlsim4\carlsim\kernel\src\snn_cpu_module.cpp:1339] 	WithSTDP: 0
[DEBUG c:\users\staslist\documents\github\carlsim4\carlsim\kernel\src\snn_cpu_module.cpp:1356] 	WithSTP: 0
[DEBUG c:\users\staslist\documents\github\carlsim4\carlsim\kernel\src\snn_cpu_module.cpp:1362] 	spikeGen: is not set 
[DEBUG c:\users\staslist\documents\github\carlsim4\carlsim\kernel\src\snn_cpu_module.cpp:1330] Settings for Group excit:
[DEBUG c:\users\staslist\documents\github\carlsim4\carlsim\kernel\src\snn_cpu_module.cpp:1332] 	Type: 6
[DEBUG c:\users\staslist\documents\github\carlsim4\carlsim\kernel\src\snn_cpu_module.cpp:1333] 	NumN: 5
[DEBUG c:\users\staslist\documents\github\carlsim4\carlsim\kernel\src\snn_cpu_module.cpp:1334] 	M: 0
[DEBUG c:\users\staslist\documents\github\carlsim4\carlsim\kernel\src\snn_cpu_module.cpp:1335] 	PreM: 0
[DEBUG c:\users\staslist\documents\github\carlsim4\carlsim\kernel\src\snn_cpu_module.cpp:1336] 	spikeGenerator: 0
[DEBUG c:\users\staslist\documents\github\carlsim4\carlsim\kernel\src\snn_cpu_module.cpp:1337] 	FixedInputWts: 1
[DEBUG c:\users\staslist\documents\github\carlsim4\carlsim\kernel\src\snn_cpu_module.cpp:1338] 	MaxDelay: 1
[DEBUG c:\users\staslist\documents\github\carlsim4\carlsim\kernel\src\snn_cpu_module.cpp:1339] 	WithSTDP: 0
[DEBUG c:\users\staslist\documents\github\carlsim4\carlsim\kernel\src\snn_cpu_module.cpp:1356] 	WithSTP: 0
[DEBUG c:\users\staslist\documents\github\carlsim4\carlsim\kernel\src\snn_cpu_module.cpp:1362] 	spikeGen: is not set 
[DEBUG c:\users\staslist\documents\github\carlsim4\carlsim\kernel\src\snn_cpu_module.cpp:1330] Settings for Group excit:
[DEBUG c:\users\staslist\documents\github\carlsim4\carlsim\kernel\src\snn_cpu_module.cpp:1332] 	Type: 6
[DEBUG c:\users\staslist\documents\github\carlsim4\carlsim\kernel\src\snn_cpu_module.cpp:1333] 	NumN: 5
[DEBUG c:\users\staslist\documents\github\carlsim4\carlsim\kernel\src\snn_cpu_module.cpp:1334] 	M: 0
[DEBUG c:\users\staslist\documents\github\carlsim4\carlsim\kernel\src\snn_cpu_module.cpp:1335] 	PreM: 0
[DEBUG c:\users\staslist\documents\github\carlsim4\carlsim\kernel\src\snn_cpu_module.cpp:1336] 	spikeGenerator: 0
[DEBUG c:\users\staslist\documents\github\carlsim4\carlsim\kernel\src\snn_cpu_module.cpp:1337] 	FixedInputWts: 1
[DEBUG c:\users\staslist\documents\github\carlsim4\carlsim\kernel\src\snn_cpu_module.cpp:1338] 	MaxDelay: 1
[DEBUG c:\users\staslist\documents\github\carlsim4\carlsim\kernel\src\snn_cpu_module.cpp:1339] 	WithSTDP: 0
[DEBUG c:\users\staslist\documents\github\carlsim4\carlsim\kernel\src\snn_cpu_module.cpp:1356] 	WithSTP: 0
[DEBUG c:\users\staslist\documents\github\carlsim4\carlsim\kernel\src\snn_cpu_module.cpp:1362] 	spikeGen: is not set 
[DEBUG c:\users\staslist\documents\github\carlsim4\carlsim\kernel\src\snn_cpu_module.cpp:1330] Settings for Group excit:
[DEBUG c:\users\staslist\documents\github\carlsim4\carlsim\kernel\src\snn_cpu_module.cpp:1332] 	Type: 6
[DEBUG c:\users\staslist\documents\github\carlsim4\carlsim\kernel\src\snn_cpu_module.cpp:1333] 	NumN: 5
[DEBUG c:\users\staslist\documents\github\carlsim4\carlsim\kernel\src\snn_cpu_module.cpp:1334] 	M: 0
[DEBUG c:\users\staslist\documents\github\carlsim4\carlsim\kernel\src\snn_cpu_module.cpp:1335] 	PreM: 0
[DEBUG c:\users\staslist\documents\github\carlsim4\carlsim\kernel\src\snn_cpu_module.cpp:1336] 	spikeGenerator: 0
[DEBUG c:\users\staslist\documents\github\carlsim4\carlsim\kernel\src\snn_cpu_module.cpp:1337] 	FixedInputWts: 1
[DEBUG c:\users\staslist\documents\github\carlsim4\carlsim\kernel\src\snn_cpu_module.cpp:1338] 	MaxDelay: 1
[DEBUG c:\users\staslist\documents\github\carlsim4\carlsim\kernel\src\snn_cpu_module.cpp:1339] 	WithSTDP: 0
[DEBUG c:\users\staslist\documents\github\carlsim4\carlsim\kernel\src\snn_cpu_module.cpp:1356] 	WithSTP: 0
[DEBUG c:\users\staslist\documents\github\carlsim4\carlsim\kernel\src\snn_cpu_module.cpp:1362] 	spikeGen: is not set 
[DEBUG c:\users\staslist\documents\github\carlsim4\carlsim\kernel\src\snn_cpu_module.cpp:1330] Settings for Group input:
[DEBUG c:\users\staslist\documents\github\carlsim4\carlsim\kernel\src\snn_cpu_module.cpp:1332] 	Type: 7
[DEBUG c:\users\staslist\documents\github\carlsim4\carlsim\kernel\src\snn_cpu_module.cpp:1333] 	NumN: 5
[DEBUG c:\users\staslist\documents\github\carlsim4\carlsim\kernel\src\snn_cpu_module.cpp:1334] 	M: 5
[DEBUG c:\users\staslist\documents\github\carlsim4\carlsim\kernel\src\snn_cpu_module.cpp:1335] 	PreM: 0
[DEBUG c:\users\staslist\documents\github\carlsim4\carlsim\kernel\src\snn_cpu_module.cpp:1336] 	spikeGenerator: 1
[DEBUG c:\users\staslist\documents\github\carlsim4\carlsim\kernel\src\snn_cpu_module.cpp:1337] 	FixedInputWts: 1
[DEBUG c:\users\staslist\documents\github\carlsim4\carlsim\kernel\src\snn_cpu_module.cpp:1338] 	MaxDelay: 1
[DEBUG c:\users\staslist\documents\github\carlsim4\carlsim\kernel\src\snn_cpu_module.cpp:1339] 	WithSTDP: 0
[DEBUG c:\users\staslist\documents\github\carlsim4\carlsim\kernel\src\snn_cpu_module.cpp:1356] 	WithSTP: 0
[DEBUG c:\users\staslist\documents\github\carlsim4\carlsim\kernel\src\snn_cpu_module.cpp:1362] 	spikeGen: is not set 
[INFO c:\users\staslist\documents\github\carlsim4\carlsim\kernel\src\snn_manager.cpp:1128] SpikeMonitor set for group 0 (excit)
[INFO c:\users\staslist\documents\github\carlsim4\carlsim\kernel\src\snn_manager.cpp:1128] SpikeMonitor set for group 1 (excit)
[INFO c:\users\staslist\documents\github\carlsim4\carlsim\kernel\src\snn_manager.cpp:1128] SpikeMonitor set for group 2 (excit)
[INFO c:\users\staslist\documents\github\carlsim4\carlsim\kernel\src\snn_manager.cpp:1128] SpikeMonitor set for group 3 (excit)
[DEBUG c:\users\staslist\documents\github\carlsim4\carlsim\kernel\src\snn_cpu_module.cpp:1838] copyExternalCurrent: lGrpId=0, ptrPos=0, length=5, allocate=n
[DEBUG c:\users\staslist\documents\github\carlsim4\carlsim\kernel\src\snn_manager.cpp:719] runNetwork: runDur=1000ms, printRunSummary=y
[INFO c:\users\staslist\documents\github\carlsim4\carlsim\kernel\src\snn_manager.cpp:729] 
[INFO c:\users\staslist\documents\github\carlsim4\carlsim\kernel\src\snn_manager.cpp:730] ******************** Running the simulation on 0 GPU(s) and 1 CPU(s) ***************************
[INFO c:\users\staslist\documents\github\carlsim4\carlsim\kernel\src\snn_manager.cpp:731] 
[INFO c:\users\staslist\documents\github\carlsim4\carlsim\kernel\src\print_snn_info.cpp:116] (t=1.000s) SpikeMonitor for group excit(0) has 40 spikes in 1000ms (8.00 +/- 0.00 Hz)
[INFO c:\users\staslist\documents\github\carlsim4\carlsim\kernel\src\print_snn_info.cpp:116] (t=1.000s) SpikeMonitor for group excit(1) has 0 spikes in 1000ms (0.00 +/- 0.00 Hz)
[INFO c:\users\staslist\documents\github\carlsim4\carlsim\kernel\src\print_snn_info.cpp:116] (t=1.000s) SpikeMonitor for group excit(2) has 0 spikes in 1000ms (0.00 +/- 0.00 Hz)
[INFO c:\users\staslist\documents\github\carlsim4\carlsim\kernel\src\print_snn_info.cpp:116] (t=1.000s) SpikeMonitor for group excit(3) has 40 spikes in 1000ms (8.00 +/- 0.00 Hz)
[INFO c:\users\staslist\documents\github\carlsim4\carlsim\monitor\spike_monitor_core.cpp:270] (t=1.000s) SpikeMonitor for group excit(0) has 40 spikes in 1000 ms (8.00 +/- 0.00 Hz)
[INFO c:\users\staslist\documents\github\carlsim4\carlsim\monitor\spike_monitor_core.cpp:274] | Neur ID | Rate (Hz) | Spike Times (ms)
[INFO c:\users\staslist\documents\github\carlsim4\carlsim\monitor\spike_monitor_core.cpp:275] |- - - - -|- - - - - -|- - - - - - - - - - - - - - - - -- - - - - - - - - - - - -
[INFO c:\users\staslist\documents\github\carlsim4\carlsim\monitor\spike_monitor_core.cpp:294] |       0 |      8.00 |       48      86     135     215     383     553     722
[INFO c:\users\staslist\documents\github\carlsim4\carlsim\monitor\spike_monitor_core.cpp:298] |         |           |      891
[INFO c:\users\staslist\documents\github\carlsim4\carlsim\monitor\spike_monitor_core.cpp:294] |       1 |      8.00 |       48      86     135     215     383     553     722
[INFO c:\users\staslist\documents\github\carlsim4\carlsim\monitor\spike_monitor_core.cpp:298] |         |           |      891
[INFO c:\users\staslist\documents\github\carlsim4\carlsim\monitor\spike_monitor_core.cpp:294] |       2 |      8.00 |       48      86     135     215     383     553     722
[INFO c:\users\staslist\documents\github\carlsim4\carlsim\monitor\spike_monitor_core.cpp:298] |         |           |      891
[INFO c:\users\staslist\documents\github\carlsim4\carlsim\monitor\spike_monitor_core.cpp:294] |       3 |      8.00 |       48      86     135     215     383     553     722
[INFO c:\users\staslist\documents\github\carlsim4\carlsim\monitor\spike_monitor_core.cpp:298] |         |           |      891
[INFO c:\users\staslist\documents\github\carlsim4\carlsim\monitor\spike_monitor_core.cpp:294] |       4 |      8.00 |       48      86     135     215     383     553     722
[INFO c:\users\staslist\documents\github\carlsim4\carlsim\monitor\spike_monitor_core.cpp:298] |         |           |      891
[INFO c:\users\staslist\documents\github\carlsim4\carlsim\monitor\spike_monitor_core.cpp:270] (t=1.000s) SpikeMonitor for group excit(1) has 0 spikes in 1000 ms (0.00 +/- 0.00 Hz)
[INFO c:\users\staslist\documents\github\carlsim4\carlsim\monitor\spike_monitor_core.cpp:274] | Neur ID | Rate (Hz) | Spike Times (ms)
[INFO c:\users\staslist\documents\github\carlsim4\carlsim\monitor\spike_monitor_core.cpp:275] |- - - - -|- - - - - -|- - - - - - - - - - - - - - - - -- - - - - - - - - - - - -
[INFO c:\users\staslist\documents\github\carlsim4\carlsim\monitor\spike_monitor_core.cpp:298] |       0 |      0.00 | 
[INFO c:\users\staslist\documents\github\carlsim4\carlsim\monitor\spike_monitor_core.cpp:298] |       1 |      0.00 | 
[INFO c:\users\staslist\documents\github\carlsim4\carlsim\monitor\spike_monitor_core.cpp:298] |       2 |      0.00 | 
[INFO c:\users\staslist\documents\github\carlsim4\carlsim\monitor\spike_monitor_core.cpp:298] |       3 |      0.00 | 
[INFO c:\users\staslist\documents\github\carlsim4\carlsim\monitor\spike_monitor_core.cpp:298] |       4 |      0.00 | 
[INFO c:\users\staslist\documents\github\carlsim4\carlsim\monitor\spike_monitor_core.cpp:270] (t=1.000s) SpikeMonitor for group excit(2) has 0 spikes in 1000 ms (0.00 +/- 0.00 Hz)
[INFO c:\users\staslist\documents\github\carlsim4\carlsim\monitor\spike_monitor_core.cpp:274] | Neur ID | Rate (Hz) | Spike Times (ms)
[INFO c:\users\staslist\documents\github\carlsim4\carlsim\monitor\spike_monitor_core.cpp:275] |- - - - -|- - - - - -|- - - - - - - - - - - - - - - - -- - - - - - - - - - - - -
[INFO c:\users\staslist\documents\github\carlsim4\carlsim\monitor\spike_monitor_core.cpp:298] |       0 |      0.00 | 
[INFO c:\users\staslist\documents\github\carlsim4\carlsim\monitor\spike_monitor_core.cpp:298] |       1 |      0.00 | 
[INFO c:\users\staslist\documents\github\carlsim4\carlsim\monitor\spike_monitor_core.cpp:298] |       2 |      0.00 | 
[INFO c:\users\staslist\documents\github\carlsim4\carlsim\monitor\spike_monitor_core.cpp:298] |       3 |      0.00 | 
[INFO c:\users\staslist\documents\github\carlsim4\carlsim\monitor\spike_monitor_core.cpp:298] |       4 |      0.00 | 
[INFO c:\users\staslist\documents\github\carlsim4\carlsim\monitor\spike_monitor_core.cpp:270] (t=1.000s) SpikeMonitor for group excit(3) has 40 spikes in 1000 ms (8.00 +/- 0.00 Hz)
[INFO c:\users\staslist\documents\github\carlsim4\carlsim\monitor\spike_monitor_core.cpp:274] | Neur ID | Rate (Hz) | Spike Times (ms)
[INFO c:\users\staslist\documents\github\carlsim4\carlsim\monitor\spike_monitor_core.cpp:275] |- - - - -|- - - - - -|- - - - - - - - - - - - - - - - -- - - - - - - - - - - - -
[INFO c:\users\staslist\documents\github\carlsim4\carlsim\monitor\spike_monitor_core.cpp:294] |       0 |      8.00 |       48      85     135     215     383     552     721
[INFO c:\users\staslist\documents\github\carlsim4\carlsim\monitor\spike_monitor_core.cpp:298] |         |           |      890
[INFO c:\users\staslist\documents\github\carlsim4\carlsim\monitor\spike_monitor_core.cpp:294] |       1 |      8.00 |       48      85     135     215     383     552     721
[INFO c:\users\staslist\documents\github\carlsim4\carlsim\monitor\spike_monitor_core.cpp:298] |         |           |      890
[INFO c:\users\staslist\documents\github\carlsim4\carlsim\monitor\spike_monitor_core.cpp:294] |       2 |      8.00 |       48      85     135     215     383     552     721
[INFO c:\users\staslist\documents\github\carlsim4\carlsim\monitor\spike_monitor_core.cpp:298] |         |           |      890
[INFO c:\users\staslist\documents\github\carlsim4\carlsim\monitor\spike_monitor_core.cpp:294] |       3 |      8.00 |       48      85     135     215     383     552     721
[INFO c:\users\staslist\documents\github\carlsim4\carlsim\monitor\spike_monitor_core.cpp:298] |         |           |      890
[INFO c:\users\staslist\documents\github\carlsim4\carlsim\monitor\spike_monitor_core.cpp:294] |       4 |      8.00 |       48      85     135     215     383     552     721
[INFO c:\users\staslist\documents\github\carlsim4\carlsim\monitor\spike_monitor_core.cpp:298] |         |           |      890
[INFO c:\users\staslist\documents\github\carlsim4\carlsim\kernel\src\snn_manager.cpp:6172] 

[INFO c:\users\staslist\documents\github\carlsim4\carlsim\kernel\src\snn_manager.cpp:6173] ********************    Simulation Summary      ***************************
[INFO c:\users\staslist\documents\github\carlsim4\carlsim\kernel\src\snn_manager.cpp:6176] Network Parameters: 	numNeurons = 25 (numNExcReg:numNInhReg = 80.0:0.0)
[INFO c:\users\staslist\documents\github\carlsim4\carlsim\kernel\src\snn_manager.cpp:6177] 			numSynapses = 5
[INFO c:\users\staslist\documents\github\carlsim4\carlsim\kernel\src\snn_manager.cpp:6178] 			maxDelay = 1
[INFO c:\users\staslist\documents\github\carlsim4\carlsim\kernel\src\snn_manager.cpp:6179] Simulation Mode:	CUBA
[INFO c:\users\staslist\documents\github\carlsim4\carlsim\kernel\src\snn_manager.cpp:6180] Random Seed:		42
[INFO c:\users\staslist\documents\github\carlsim4\carlsim\kernel\src\snn_manager.cpp:6181] Timing:			Model Simulation Time = 1 sec
[INFO c:\users\staslist\documents\github\carlsim4\carlsim\kernel\src\snn_manager.cpp:6182] 			Actual Execution Time = 431602.38 sec
[INFO c:\users\staslist\documents\github\carlsim4\carlsim\kernel\src\snn_manager.cpp:6184] Average Firing Rate:	2+ms delay = 0.000 Hz
[INFO c:\users\staslist\documents\github\carlsim4\carlsim\kernel\src\snn_manager.cpp:6186] 			1ms delay = 3.200 Hz
[INFO c:\users\staslist\documents\github\carlsim4\carlsim\kernel\src\snn_manager.cpp:6187] 			Overall = 3.200 Hz
[INFO c:\users\staslist\documents\github\carlsim4\carlsim\kernel\src\snn_manager.cpp:6188] Overall Spike Count Transferred:
[INFO c:\users\staslist\documents\github\carlsim4\carlsim\kernel\src\snn_manager.cpp:6189] 			2+ms delay = 0
[INFO c:\users\staslist\documents\github\carlsim4\carlsim\kernel\src\snn_manager.cpp:6190] 			1ms delay = 0
[INFO c:\users\staslist\documents\github\carlsim4\carlsim\kernel\src\snn_manager.cpp:6191] Overall Spike Count:	2+ms delay = 0
[INFO c:\users\staslist\documents\github\carlsim4\carlsim\kernel\src\snn_manager.cpp:6192] 			1ms delay = 80
[INFO c:\users\staslist\documents\github\carlsim4\carlsim\kernel\src\snn_manager.cpp:6193] 			Total = 80
[INFO c:\users\staslist\documents\github\carlsim4\carlsim\kernel\src\snn_manager.cpp:6194] *********************************************************************************

